<?xml version="1.0" encoding="UTF-8"?>
<testsuite name="com.nbank.domain.CalculateInvestmentTaxTest" tests="1" skipped="0" failures="0" errors="0" timestamp="2024-02-14T21:11:34" hostname="Tiagos-MacBook-Air.local" time="0.009">
  <properties/>
  <testcase name="case8()" classname="com.nbank.domain.CalculateInvestmentTaxTest" time="0.009"/>
  <system-out><![CDATA[]]></system-out>
  <system-err><![CDATA[]]></system-err>
</testsuite>
