<?xml version="1.0" encoding="UTF-8"?>
<testsuite name="com.nbank.domain.CalculateInvestmentTaxTest" tests="6" skipped="0" failures="0" errors="0" timestamp="2024-02-14T20:59:50" hostname="Tiagos-MacBook-Air.local" time="0.014">
  <properties/>
  <testcase name="case1()" classname="com.nbank.domain.CalculateInvestmentTaxTest" time="0.009"/>
  <testcase name="case2()" classname="com.nbank.domain.CalculateInvestmentTaxTest" time="0.001"/>
  <testcase name="case3()" classname="com.nbank.domain.CalculateInvestmentTaxTest" time="0.0"/>
  <testcase name="case4()" classname="com.nbank.domain.CalculateInvestmentTaxTest" time="0.0"/>
  <testcase name="case5()" classname="com.nbank.domain.CalculateInvestmentTaxTest" time="0.001"/>
  <testcase name="case6()" classname="com.nbank.domain.CalculateInvestmentTaxTest" time="0.001"/>
  <system-out><![CDATA[]]></system-out>
  <system-err><![CDATA[]]></system-err>
</testsuite>
